<?xml version="1.0" encoding="UTF-8"?>
<testsuite name="br.com.codenation.service.OrderServiceTest" tests="4" skipped="0" failures="0" errors="0" timestamp="2020-08-01T19:45:51" hostname="II" time="0.285">
  <properties/>
  <testcase name="testCalculateMultipleOrders" classname="br.com.codenation.service.OrderServiceTest" time="0.255"/>
  <testcase name="testGroupProducts" classname="br.com.codenation.service.OrderServiceTest" time="0.018"/>
  <testcase name="testFindProductsById" classname="br.com.codenation.service.OrderServiceTest" time="0.007"/>
  <testcase name="testCalculateOrderValue" classname="br.com.codenation.service.OrderServiceTest" time="0.0"/>
  <system-out><![CDATA[]]></system-out>
  <system-err><![CDATA[]]></system-err>
</testsuite>
